<?xml version="1.0" encoding="UTF-8"?>
<testsuite xmlns:xsi="http://www.w3.org/2001/XMLSchema-instance" xsi:noNamespaceSchemaLocation="https://maven.apache.org/surefire/maven-surefire-plugin/xsd/surefire-test-report-3.0.xsd" version="3.0" name="com.lifeos.behavior.service.impl.BehaviorServiceImplTest" time="0.589" tests="3" errors="0" skipped="0" failures="0">
  <properties>
[...]
</properties>
  <testcase name="recordEventIgnoresDuplicateEventId" classname="com.lifeos.behavior.service.impl.BehaviorServiceImplTest" time="0.505">
    <system-out><![CDATA[Standard Commons Logging discovery in action with spring-jcl: please remove commons-logging.jar from classpath in order to avoid potential conflicts
15:53:21.620 [main] INFO com.lifeos.behavior.service.impl.BehaviorServiceImpl -- Ignored duplicate behavior event event-dup
]]></system-out>
  </testcase>
  <testcase name="getDashboardStatsBuildsKnowledgeOverview" classname="com.lifeos.behavior.service.impl.BehaviorServiceImplTest" time="0.075"/>
  <testcase name="recordEventNormalizesActionAndKeepsEventId" classname="com.lifeos.behavior.service.impl.BehaviorServiceImplTest" time="0.003"/>
</testsuite>